<?xml version="1.0" encoding="UTF-8"?>
<testsuite name="IntroLabTest" tests="1" skipped="0" failures="0" errors="0" timestamp="2022-09-12T21:13:22" hostname="CJs-MacBook-Pro.local" time="0.046">
  <properties/>
  <testcase name="testJiang909" classname="IntroLabTest" time="0.046"/>
  <system-out><![CDATA[]]></system-out>
  <system-err><![CDATA[]]></system-err>
</testsuite>
